This file contains any messages produced by compilers while
running configure, to aid debugging if configure makes a mistake.

It was created by configure, which was
generated by GNU Autoconf 2.60.  Invocation command line was

  $ ./configure 

## --------- ##
## Platform. ##
## --------- ##

hostname = evo
uname -m = i686
uname -r = 2.6.37-rc1-cold-pIII
uname -s = Linux
uname -v = #3 Thu Nov 11 21:56:14 UTC 2010

/usr/bin/uname -p = unknown
/bin/uname -X     = unknown

/bin/arch              = i686
/usr/bin/arch -k       = unknown
/usr/convex/getsysinfo = unknown
/usr/bin/hostinfo      = unknown
/bin/machine           = unknown
/usr/bin/oslevel       = unknown
/bin/universe          = unknown

PATH: /bin
PATH: /usr/bin
PATH: /usr/X11R6/bin


## ----------- ##
## Core tests. ##
## ----------- ##

configure:1713: checking for gcc
configure:1729: found /usr/bin/gcc
configure:1740: result: gcc
configure:1978: checking for C compiler version
configure:1985: gcc --version >&5
gcc (GCC) 4.6.0
Copyright (C) 2011 Free Software Foundation, Inc.
This is free software; see the source for copying conditions.  There is NO
warranty; not even for MERCHANTABILITY or FITNESS FOR A PARTICULAR PURPOSE.

configure:1988: $? = 0
configure:1995: gcc -v >&5
Using built-in specs.
COLLECT_GCC=gcc
COLLECT_LTO_WRAPPER=/usr/libexec/gcc/i486-linux-gnu/4.6.0/lto-wrapper
Target: i486-linux-gnu
Configured with: ./configure --prefix=/usr --sysconfdir=/etc --localstatedir=/var --build=i486-linux-gnu --host=i486-linux-gnu
Thread model: posix
gcc version 4.6.0 (GCC) 
configure:1998: $? = 0
configure:2005: gcc -V >&5
gcc: error: unrecognized option '-V'
gcc: fatal error: no input files
compilation terminated.
configure:2008: $? = 1
configure:2031: checking for C compiler default output file name
configure:2058: gcc    conftest.c  >&5
configure:2061: $? = 0
configure:2107: result: a.out
configure:2112: checking whether the C compiler works
configure:2122: ./a.out
configure:2125: $? = 0
configure:2142: result: yes
configure:2149: checking whether we are cross compiling
configure:2151: result: no
configure:2154: checking for suffix of executables
configure:2161: gcc -o conftest    conftest.c  >&5
configure:2164: $? = 0
configure:2188: result: 
configure:2194: checking for suffix of object files
configure:2220: gcc -c   conftest.c >&5
configure:2223: $? = 0
configure:2246: result: o
configure:2250: checking whether we are using the GNU C compiler
configure:2279: gcc -c   conftest.c >&5
configure:2285: $? = 0
configure:2292: test -z "$ac_c_werror_flag" || test ! -s conftest.err
configure:2295: $? = 0
configure:2302: test -s conftest.o
configure:2305: $? = 0
configure:2319: result: yes
configure:2324: checking whether gcc accepts -g
configure:2354: gcc -c -g  conftest.c >&5
configure:2360: $? = 0
configure:2367: test -z "$ac_c_werror_flag" || test ! -s conftest.err
configure:2370: $? = 0
configure:2377: test -s conftest.o
configure:2380: $? = 0
configure:2510: result: yes
configure:2527: checking for gcc option to accept ISO C89
configure:2601: gcc  -c -g -O2  conftest.c >&5
configure:2607: $? = 0
configure:2614: test -z "$ac_c_werror_flag" || test ! -s conftest.err
configure:2617: $? = 0
configure:2624: test -s conftest.o
configure:2627: $? = 0
configure:2647: result: none needed
configure:2671: checking whether make sets $(MAKE)
configure:2692: result: yes
configure:2714: checking for a BSD-compatible install
configure:2770: result: /bin/install -c
configure:2787: checking how to run the C preprocessor
configure:2827: gcc -E  conftest.c
configure:2833: $? = 0
configure:2871: gcc -E  conftest.c
conftest.c:8:28: fatal error: ac_nonexistent.h: No such file or directory
compilation terminated.
configure:2877: $? = 1
configure: failed program was:
| /* confdefs.h.  */
| #define PACKAGE_NAME ""
| #define PACKAGE_TARNAME ""
| #define PACKAGE_VERSION ""
| #define PACKAGE_STRING ""
| #define PACKAGE_BUGREPORT ""
| /* end confdefs.h.  */
| #include <ac_nonexistent.h>
configure:2917: result: gcc -E
configure:2946: gcc -E  conftest.c
configure:2952: $? = 0
configure:2990: gcc -E  conftest.c
conftest.c:8:28: fatal error: ac_nonexistent.h: No such file or directory
compilation terminated.
configure:2996: $? = 1
configure: failed program was:
| /* confdefs.h.  */
| #define PACKAGE_NAME ""
| #define PACKAGE_TARNAME ""
| #define PACKAGE_VERSION ""
| #define PACKAGE_STRING ""
| #define PACKAGE_BUGREPORT ""
| /* end confdefs.h.  */
| #include <ac_nonexistent.h>
configure:3041: checking for grep that handles long lines and -e
configure:3115: result: /usr/bin/grep
configure:3120: checking for egrep
configure:3198: result: /usr/bin/grep -E
configure:3203: checking for ANSI C header files
configure:3233: gcc -c -g -O2  conftest.c >&5
configure:3239: $? = 0
configure:3246: test -z "$ac_c_werror_flag" || test ! -s conftest.err
configure:3249: $? = 0
configure:3256: test -s conftest.o
configure:3259: $? = 0
configure:3355: gcc -o conftest -g -O2   conftest.c  >&5
configure:3358: $? = 0
configure:3364: ./conftest
configure:3367: $? = 0
configure:3384: result: yes
configure:3396: checking for deflate in -lz
configure:3431: gcc -o conftest -g -O2   conftest.c -lz   >&5
configure:3437: $? = 0
configure:3444: test -z "$ac_c_werror_flag" || test ! -s conftest.err
configure:3447: $? = 0
configure:3454: test -s conftest
configure:3457: $? = 0
configure:3471: result: yes
configure:3804: creating ./config.status

## ---------------------- ##
## Running config.status. ##
## ---------------------- ##

This file was extended by config.status, which was
generated by GNU Autoconf 2.60.  Invocation command line was

  CONFIG_FILES    = 
  CONFIG_HEADERS  = 
  CONFIG_LINKS    = 
  CONFIG_COMMANDS = 
  $ ./config.status 

on evo

config.status:568: creating Makefile
configure:4737: === configuring in libUseful-2.0 (/home/meta/movgrab-1.0.16/libUseful-2.0)
configure:4840: running /bin/sh ./configure --prefix=/usr/local  --cache-file=/dev/null --srcdir=.

## ---------------- ##
## Cache variables. ##
## ---------------- ##

ac_cv_c_compiler_gnu=yes
ac_cv_env_CC_set=
ac_cv_env_CC_value=
ac_cv_env_CFLAGS_set=
ac_cv_env_CFLAGS_value=
ac_cv_env_CPPFLAGS_set=
ac_cv_env_CPPFLAGS_value=
ac_cv_env_CPP_set=
ac_cv_env_CPP_value=
ac_cv_env_LDFLAGS_set=
ac_cv_env_LDFLAGS_value=
ac_cv_env_build_alias_set=
ac_cv_env_build_alias_value=
ac_cv_env_host_alias_set=
ac_cv_env_host_alias_value=
ac_cv_env_target_alias_set=
ac_cv_env_target_alias_value=
ac_cv_header_stdc=yes
ac_cv_lib_z_deflate=yes
ac_cv_objext=o
ac_cv_path_EGREP='/usr/bin/grep -E'
ac_cv_path_GREP=/usr/bin/grep
ac_cv_path_install='/bin/install -c'
ac_cv_prog_CPP='gcc -E'
ac_cv_prog_ac_ct_CC=gcc
ac_cv_prog_cc_c89=
ac_cv_prog_cc_g=yes
ac_cv_prog_make_make_set=yes

## ----------------- ##
## Output variables. ##
## ----------------- ##

CC='gcc'
CFLAGS='-g -O2'
CPP='gcc -E'
CPPFLAGS=''
DEFS='-DPACKAGE_NAME=\"\" -DPACKAGE_TARNAME=\"\" -DPACKAGE_VERSION=\"\" -DPACKAGE_STRING=\"\" -DPACKAGE_BUGREPORT=\"\" -DSTDC_HEADERS=1 -DHAVE_LIBZ=1'
ECHO_C='ECHO_N=''
ECHO_T=''
EGREP='/usr/bin/grep -E'
EXEEXT=''
GREP='/usr/bin/grep'
INSTALL_DATA='${INSTALL} -m 644'
INSTALL_PROGRAM='${INSTALL}'
INSTALL_SCRIPT='${INSTALL}'
LDFLAGS=''
LIBOBJS=''
LIBS='-lz '
LTLIBOBJS=''
OBJEXT='o'
PACKAGE_BUGREPORT=''
PACKAGE_NAME=''
PACKAGE_STRING=''
PACKAGE_TARNAME=''
PACKAGE_VERSION=''
PATH_SEPARATOR=':'
SET_MAKE=''
SHELL='/bin/sh'
VERSION=''
ac_ct_CC='gcc'
bindir='${exec_prefix}/bin'
build_alias=''
datadir='${datarootdir}'
datarootdir='${prefix}/share'
docdir='${datarootdir}/doc/${PACKAGE}'
dvidir='${docdir}'
exec_prefix='${prefix}'
host_alias=''
htmldir='${docdir}'
includedir='${prefix}/include'
infodir='${datarootdir}/info'
libdir='${exec_prefix}/lib'
libexecdir='${exec_prefix}/libexec'
localedir='${datarootdir}/locale'
localstatedir='${prefix}/var'
mandir='${datarootdir}/man'
oldincludedir='/usr/include'
pdfdir='${docdir}'
prefix='/usr/local'
program_transform_name='s,x,x,'
psdir='${docdir}'
sbindir='${exec_prefix}/sbin'
sharedstatedir='${prefix}/com'
subdirs=' libUseful-2.0'
sysconfdir='${prefix}/etc'
target_alias=''

## ----------- ##
## confdefs.h. ##
## ----------- ##

#define PACKAGE_NAME ""
#define PACKAGE_TARNAME ""
#define PACKAGE_VERSION ""
#define PACKAGE_STRING ""
#define PACKAGE_BUGREPORT ""
#define STDC_HEADERS 1
#define HAVE_LIBZ 1

configure: exit 0
