This file contains any messages produced by compilers while
running configure, to aid debugging if configure makes a mistake.

It was created by configure, which was
generated by GNU Autoconf 2.60.  Invocation command line was

  $ ./configure --prefix=/usr/local --cache-file=/dev/null --srcdir=.

## --------- ##
## Platform. ##
## --------- ##

hostname = evo
uname -m = i686
uname -r = 2.6.37-rc1-cold-pIII
uname -s = Linux
uname -v = #3 Thu Nov 11 21:56:14 UTC 2010

/usr/bin/uname -p = unknown
/bin/uname -X     = unknown

/bin/arch              = i686
/usr/bin/arch -k       = unknown
/usr/convex/getsysinfo = unknown
/usr/bin/hostinfo      = unknown
/bin/machine           = unknown
/usr/bin/oslevel       = unknown
/bin/universe          = unknown

PATH: /bin
PATH: /usr/bin


## ----------- ##
## Core tests. ##
## ----------- ##

configure:1680: checking for gcc
configure:1696: found /usr/bin/gcc
configure:1707: result: gcc
configure:1945: checking for C compiler version
configure:1952: gcc --version >&5
gcc (GCC) 4.1.2 20070205 (prerelease)
Copyright (C) 2006 Free Software Foundation, Inc.
This is free software; see the source for copying conditions.  There is NO
warranty; not even for MERCHANTABILITY or FITNESS FOR A PARTICULAR PURPOSE.

configure:1955: $? = 0
configure:1962: gcc -v >&5
Using built-in specs.
Target: i486-pc-linux-gnu
Configured with: ../gcc-4.1-20070205/configure --enable-languages=c,c++ --prefix=/usr
Thread model: posix
gcc version 4.1.2 20070205 (prerelease)
configure:1965: $? = 0
configure:1972: gcc -V >&5
gcc: '-V' option must have argument
configure:1975: $? = 1
configure:1998: checking for C compiler default output file name
configure:2025: gcc    conftest.c  >&5
configure:2028: $? = 0
configure:2074: result: a.out
configure:2079: checking whether the C compiler works
configure:2089: ./a.out
configure:2092: $? = 0
configure:2109: result: yes
configure:2116: checking whether we are cross compiling
configure:2118: result: no
configure:2121: checking for suffix of executables
configure:2128: gcc -o conftest    conftest.c  >&5
configure:2131: $? = 0
configure:2155: result: 
configure:2161: checking for suffix of object files
configure:2187: gcc -c   conftest.c >&5
configure:2190: $? = 0
configure:2213: result: o
configure:2217: checking whether we are using the GNU C compiler
configure:2246: gcc -c   conftest.c >&5
configure:2252: $? = 0
configure:2259: test -z "$ac_c_werror_flag" || test ! -s conftest.err
configure:2262: $? = 0
configure:2269: test -s conftest.o
configure:2272: $? = 0
configure:2286: result: yes
configure:2291: checking whether gcc accepts -g
configure:2321: gcc -c -g  conftest.c >&5
configure:2327: $? = 0
configure:2334: test -z "$ac_c_werror_flag" || test ! -s conftest.err
configure:2337: $? = 0
configure:2344: test -s conftest.o
configure:2347: $? = 0
configure:2477: result: yes
configure:2494: checking for gcc option to accept ISO C89
configure:2568: gcc  -c -g -O2  conftest.c >&5
configure:2574: $? = 0
configure:2581: test -z "$ac_c_werror_flag" || test ! -s conftest.err
configure:2584: $? = 0
configure:2591: test -s conftest.o
configure:2594: $? = 0
configure:2614: result: none needed
configure:2638: checking whether make sets $(MAKE)
configure:2659: result: yes
configure:2674: checking how to run the C preprocessor
configure:2714: gcc -E  conftest.c
configure:2720: $? = 0
configure:2758: gcc -E  conftest.c
conftest.c:8:28: error: ac_nonexistent.h: No such file or directory
configure:2764: $? = 1
configure: failed program was:
| /* confdefs.h.  */
| #define PACKAGE_NAME ""
| #define PACKAGE_TARNAME ""
| #define PACKAGE_VERSION ""
| #define PACKAGE_STRING ""
| #define PACKAGE_BUGREPORT ""
| /* end confdefs.h.  */
| #include <ac_nonexistent.h>
configure:2804: result: gcc -E
configure:2833: gcc -E  conftest.c
configure:2839: $? = 0
configure:2877: gcc -E  conftest.c
conftest.c:8:28: error: ac_nonexistent.h: No such file or directory
configure:2883: $? = 1
configure: failed program was:
| /* confdefs.h.  */
| #define PACKAGE_NAME ""
| #define PACKAGE_TARNAME ""
| #define PACKAGE_VERSION ""
| #define PACKAGE_STRING ""
| #define PACKAGE_BUGREPORT ""
| /* end confdefs.h.  */
| #include <ac_nonexistent.h>
configure:2928: checking for grep that handles long lines and -e
configure:3002: result: /usr/bin/grep
configure:3007: checking for egrep
configure:3085: result: /usr/bin/grep -E
configure:3090: checking for ANSI C header files
configure:3120: gcc -c -g -O2  conftest.c >&5
configure:3126: $? = 0
configure:3133: test -z "$ac_c_werror_flag" || test ! -s conftest.err
configure:3136: $? = 0
configure:3143: test -s conftest.o
configure:3146: $? = 0
configure:3242: gcc -o conftest -g -O2   conftest.c  >&5
configure:3245: $? = 0
configure:3251: ./conftest
configure:3254: $? = 0
configure:3271: result: yes
configure:3297: checking for deflate in -lz
configure:3332: gcc -o conftest -g -O2   conftest.c -lz   >&5
configure:3338: $? = 0
configure:3345: test -z "$ac_c_werror_flag" || test ! -s conftest.err
configure:3348: $? = 0
configure:3355: test -s conftest
configure:3358: $? = 0
configure:3372: result: yes
configure:3395: checking for SSL_library_init in -lssl
configure:3430: gcc -o conftest -g -O2   conftest.c -lssl  -lz  >&5
configure:3436: $? = 0
configure:3443: test -z "$ac_c_werror_flag" || test ! -s conftest.err
configure:3446: $? = 0
configure:3453: test -s conftest
configure:3456: $? = 0
configure:3470: result: yes
configure:3484: checking for EVP_CIPHER_CTX_init in -lcrypto
configure:3519: gcc -o conftest -g -O2   conftest.c -lcrypto  -lssl -lz  >&5
configure:3525: $? = 0
configure:3532: test -z "$ac_c_werror_flag" || test ! -s conftest.err
configure:3535: $? = 0
configure:3542: test -s conftest
configure:3545: $? = 0
configure:3559: result: yes
configure:3815: creating ./config.status

## ---------------------- ##
## Running config.status. ##
## ---------------------- ##

This file was extended by config.status, which was
generated by GNU Autoconf 2.60.  Invocation command line was

  CONFIG_FILES    = 
  CONFIG_HEADERS  = 
  CONFIG_LINKS    = 
  CONFIG_COMMANDS = 
  $ ./config.status 

on evo

config.status:563: creating Makefile

## ---------------- ##
## Cache variables. ##
## ---------------- ##

ac_cv_c_compiler_gnu=yes
ac_cv_env_CC_set=
ac_cv_env_CC_value=
ac_cv_env_CFLAGS_set=
ac_cv_env_CFLAGS_value=
ac_cv_env_CPPFLAGS_set=
ac_cv_env_CPPFLAGS_value=
ac_cv_env_CPP_set=
ac_cv_env_CPP_value=
ac_cv_env_LDFLAGS_set=
ac_cv_env_LDFLAGS_value=
ac_cv_env_build_alias_set=
ac_cv_env_build_alias_value=
ac_cv_env_host_alias_set=
ac_cv_env_host_alias_value=
ac_cv_env_target_alias_set=
ac_cv_env_target_alias_value=
ac_cv_header_stdc=yes
ac_cv_lib_crypto_EVP_CIPHER_CTX_init=yes
ac_cv_lib_ssl_SSL_library_init=yes
ac_cv_lib_z_deflate=yes
ac_cv_objext=o
ac_cv_path_EGREP='/usr/bin/grep -E'
ac_cv_path_GREP=/usr/bin/grep
ac_cv_prog_CPP='gcc -E'
ac_cv_prog_ac_ct_CC=gcc
ac_cv_prog_cc_c89=
ac_cv_prog_cc_g=yes
ac_cv_prog_make_make_set=yes

## ----------------- ##
## Output variables. ##
## ----------------- ##

CC='gcc'
CFLAGS='-g -O2'
CPP='gcc -E'
CPPFLAGS=''
DEFS='-DPACKAGE_NAME=\"\" -DPACKAGE_TARNAME=\"\" -DPACKAGE_VERSION=\"\" -DPACKAGE_STRING=\"\" -DPACKAGE_BUGREPORT=\"\" -DSTDC_HEADERS=1 -DHAVE_LIBZ=1 -DHAVE_LIBSSL=1 -DHAVE_LIBCRYPTO=1'
ECHO_C='ECHO_N=''
ECHO_T=''
EGREP='/usr/bin/grep -E'
EXEEXT=''
GREP='/usr/bin/grep'
LDFLAGS=''
LIBOBJS=''
LIBS='-lcrypto -lssl -lz '
LTLIBOBJS=''
OBJEXT='o'
PACKAGE_BUGREPORT=''
PACKAGE_NAME=''
PACKAGE_STRING=''
PACKAGE_TARNAME=''
PACKAGE_VERSION=''
PATH_SEPARATOR=':'
SET_MAKE=''
SHELL='/bin/sh'
VERSION='0.0.1'
ac_ct_CC='gcc'
bindir='${exec_prefix}/bin'
build_alias=''
datadir='${datarootdir}'
datarootdir='${prefix}/share'
docdir='${datarootdir}/doc/${PACKAGE}'
dvidir='${docdir}'
exec_prefix='${prefix}'
host_alias=''
htmldir='${docdir}'
includedir='${prefix}/include'
infodir='${datarootdir}/info'
libdir='${exec_prefix}/lib'
libexecdir='${exec_prefix}/libexec'
localedir='${datarootdir}/locale'
localstatedir='${prefix}/var'
mandir='${datarootdir}/man'
oldincludedir='/usr/include'
pdfdir='${docdir}'
prefix='/usr/local'
program_transform_name='s,x,x,'
psdir='${docdir}'
sbindir='${exec_prefix}/sbin'
sharedstatedir='${prefix}/com'
sysconfdir='${prefix}/etc'
target_alias=''

## ----------- ##
## confdefs.h. ##
## ----------- ##

#define PACKAGE_NAME ""
#define PACKAGE_TARNAME ""
#define PACKAGE_VERSION ""
#define PACKAGE_STRING ""
#define PACKAGE_BUGREPORT ""
#define STDC_HEADERS 1
#define HAVE_LIBZ 1
#define HAVE_LIBSSL 1
#define HAVE_LIBCRYPTO 1

configure: exit 0
