This file contains any messages produced by compilers while
running configure, to aid debugging if configure makes a mistake.

It was created by configure, which was
generated by GNU Autoconf 2.60.  Invocation command line was

  $ ./configure --prefix=/usr/local --cache-file=/dev/null --srcdir=.

## --------- ##
## Platform. ##
## --------- ##

hostname = AppleServer.local
uname -m = i386
uname -r = 10.7.0
uname -s = Darwin
uname -v = Darwin Kernel Version 10.7.0: Sat Jan 29 15:17:16 PST 2011; root:xnu-1504.9.37~1/RELEASE_I386

/usr/bin/uname -p = i386
/bin/uname -X     = unknown

/bin/arch              = unknown
/usr/bin/arch -k       = unknown
/usr/convex/getsysinfo = unknown
/usr/bin/hostinfo      = Mach kernel version:
	 Darwin Kernel Version 10.7.0: Sat Jan 29 15:17:16 PST 2011; root:xnu-1504.9.37~1/RELEASE_I386
Kernel configured for up to 2 processors.
2 processors are physically available.
2 processors are logically available.
Processor type: i486 (Intel 80486)
Processors active: 0 1
Primary memory available: 4.00 gigabytes
Default processor set: 143 tasks, 329 threads, 2 processors
Load average: 1.04, Mach factor: 0.95
/bin/machine           = unknown
/usr/bin/oslevel       = unknown
/bin/universe          = unknown

PATH: /usr/bin
PATH: /bin
PATH: /usr/sbin
PATH: /sbin
PATH: /usr/local/bin
PATH: /usr/X11/bin


## ----------- ##
## Core tests. ##
## ----------- ##

configure:1715: checking for gcc
configure:1731: found /usr/bin/gcc
configure:1742: result: gcc
configure:1980: checking for C compiler version
configure:1987: gcc --version >&5
i686-apple-darwin10-gcc-4.2.1 (GCC) 4.2.1 (Apple Inc. build 5666) (dot 3)
Copyright (C) 2007 Free Software Foundation, Inc.
This is free software; see the source for copying conditions.  There is NO
warranty; not even for MERCHANTABILITY or FITNESS FOR A PARTICULAR PURPOSE.

configure:1990: $? = 0
configure:1997: gcc -v >&5
Using built-in specs.
Target: i686-apple-darwin10
Configured with: /var/tmp/gcc/gcc-5666.3~6/src/configure --disable-checking --enable-werror --prefix=/usr --mandir=/share/man --enable-languages=c,objc,c++,obj-c++ --program-transform-name=/^[cg][^.-]*$/s/$/-4.2/ --with-slibdir=/usr/lib --build=i686-apple-darwin10 --program-prefix=i686-apple-darwin10- --host=x86_64-apple-darwin10 --target=i686-apple-darwin10 --with-gxx-include-dir=/include/c++/4.2.1
Thread model: posix
gcc version 4.2.1 (Apple Inc. build 5666) (dot 3)
configure:2000: $? = 0
configure:2007: gcc -V >&5
gcc-4.2: argument to `-V' is missing
configure:2010: $? = 1
configure:2033: checking for C compiler default output file name
configure:2060: gcc    conftest.c  >&5
configure:2063: $? = 0
configure:2109: result: a.out
configure:2114: checking whether the C compiler works
configure:2124: ./a.out
configure:2127: $? = 0
configure:2144: result: yes
configure:2151: checking whether we are cross compiling
configure:2153: result: no
configure:2156: checking for suffix of executables
configure:2163: gcc -o conftest    conftest.c  >&5
configure:2166: $? = 0
configure:2190: result: 
configure:2196: checking for suffix of object files
configure:2222: gcc -c   conftest.c >&5
configure:2225: $? = 0
configure:2248: result: o
configure:2252: checking whether we are using the GNU C compiler
configure:2281: gcc -c   conftest.c >&5
configure:2287: $? = 0
configure:2294: test -z "$ac_c_werror_flag" || test ! -s conftest.err
configure:2297: $? = 0
configure:2304: test -s conftest.o
configure:2307: $? = 0
configure:2321: result: yes
configure:2326: checking whether gcc accepts -g
configure:2356: gcc -c -g  conftest.c >&5
configure:2362: $? = 0
configure:2369: test -z "$ac_c_werror_flag" || test ! -s conftest.err
configure:2372: $? = 0
configure:2379: test -s conftest.o
configure:2382: $? = 0
configure:2512: result: yes
configure:2529: checking for gcc option to accept ISO C89
configure:2603: gcc  -c -g -O2  conftest.c >&5
configure:2609: $? = 0
configure:2616: test -z "$ac_c_werror_flag" || test ! -s conftest.err
configure:2619: $? = 0
configure:2626: test -s conftest.o
configure:2629: $? = 0
configure:2649: result: none needed
configure:2673: checking whether make sets $(MAKE)
configure:2694: result: yes
configure:2709: checking how to run the C preprocessor
configure:2749: gcc -E  conftest.c
configure:2755: $? = 0
configure:2793: gcc -E  conftest.c
conftest.c:8:28: error: ac_nonexistent.h: No such file or directory
configure:2799: $? = 1
configure: failed program was:
| /* confdefs.h.  */
| #define PACKAGE_NAME ""
| #define PACKAGE_TARNAME ""
| #define PACKAGE_VERSION ""
| #define PACKAGE_STRING ""
| #define PACKAGE_BUGREPORT ""
| /* end confdefs.h.  */
| #include <ac_nonexistent.h>
configure:2839: result: gcc -E
configure:2868: gcc -E  conftest.c
configure:2874: $? = 0
configure:2912: gcc -E  conftest.c
conftest.c:8:28: error: ac_nonexistent.h: No such file or directory
configure:2918: $? = 1
configure: failed program was:
| /* confdefs.h.  */
| #define PACKAGE_NAME ""
| #define PACKAGE_TARNAME ""
| #define PACKAGE_VERSION ""
| #define PACKAGE_STRING ""
| #define PACKAGE_BUGREPORT ""
| /* end confdefs.h.  */
| #include <ac_nonexistent.h>
configure:2963: checking for grep that handles long lines and -e
configure:3037: result: /usr/bin/grep
configure:3042: checking for egrep
configure:3120: result: /usr/bin/grep -E
configure:3125: checking for ANSI C header files
configure:3155: gcc -c -g -O2  conftest.c >&5
configure:3161: $? = 0
configure:3168: test -z "$ac_c_werror_flag" || test ! -s conftest.err
configure:3171: $? = 0
configure:3178: test -s conftest.o
configure:3181: $? = 0
configure:3277: gcc -o conftest -g -O2   conftest.c  >&5
configure:3280: $? = 0
configure:3286: ./conftest
configure:3289: $? = 0
configure:3306: result: yes
configure:3857: checking for esd_open_sound in -lesd
configure:3892: gcc -o conftest -g -O2   conftest.c -lesd   >&5
ld: library not found for -lesd
collect2: ld returned 1 exit status
configure:3898: $? = 1
configure: failed program was:
| /* confdefs.h.  */
| #define PACKAGE_NAME ""
| #define PACKAGE_TARNAME ""
| #define PACKAGE_VERSION ""
| #define PACKAGE_STRING ""
| #define PACKAGE_BUGREPORT ""
| #define STDC_HEADERS 1
| /* end confdefs.h.  */
| 
| /* Override any GCC internal prototype to avoid an error.
|    Use char because int might match the return type of a GCC
|    builtin and then its argument prototype would still apply.  */
| #ifdef __cplusplus
| extern "C"
| #endif
| char esd_open_sound ();
| int
| main ()
| {
| return esd_open_sound ();
|   ;
|   return 0;
| }
configure:3932: result: no
configure:4089: creating ./config.status

## ---------------------- ##
## Running config.status. ##
## ---------------------- ##

This file was extended by config.status, which was
generated by GNU Autoconf 2.60.  Invocation command line was

  CONFIG_FILES    = 
  CONFIG_HEADERS  = 
  CONFIG_LINKS    = 
  CONFIG_COMMANDS = 
  $ ./config.status 

on AppleServer.local

config.status:563: creating Makefile

## ---------------- ##
## Cache variables. ##
## ---------------- ##

ac_cv_c_compiler_gnu=yes
ac_cv_env_CC_set=
ac_cv_env_CC_value=
ac_cv_env_CFLAGS_set=
ac_cv_env_CFLAGS_value=
ac_cv_env_CPPFLAGS_set=
ac_cv_env_CPPFLAGS_value=
ac_cv_env_CPP_set=
ac_cv_env_CPP_value=
ac_cv_env_LDFLAGS_set=
ac_cv_env_LDFLAGS_value=
ac_cv_env_build_alias_set=
ac_cv_env_build_alias_value=
ac_cv_env_host_alias_set=
ac_cv_env_host_alias_value=
ac_cv_env_target_alias_set=
ac_cv_env_target_alias_value=
ac_cv_header_stdc=yes
ac_cv_lib_esd_esd_open_sound=no
ac_cv_objext=o
ac_cv_path_EGREP='/usr/bin/grep -E'
ac_cv_path_GREP=/usr/bin/grep
ac_cv_prog_CPP='gcc -E'
ac_cv_prog_ac_ct_CC=gcc
ac_cv_prog_cc_c89=
ac_cv_prog_cc_g=yes
ac_cv_prog_make_make_set=yes

## ----------------- ##
## Output variables. ##
## ----------------- ##

CC='gcc'
CFLAGS='-g -O2'
CPP='gcc -E'
CPPFLAGS=''
DEFS='-DPACKAGE_NAME=\"\" -DPACKAGE_TARNAME=\"\" -DPACKAGE_VERSION=\"\" -DPACKAGE_STRING=\"\" -DPACKAGE_BUGREPORT=\"\" -DSTDC_HEADERS=1'
ECHO_C='ECHO_N=''
ECHO_T=''
EGREP='/usr/bin/grep -E'
EXEEXT=''
GREP='/usr/bin/grep'
LDFLAGS=''
LIBOBJS=''
LIBS=''
LTLIBOBJS=''
OBJEXT='o'
PACKAGE_BUGREPORT=''
PACKAGE_NAME=''
PACKAGE_STRING=''
PACKAGE_TARNAME=''
PACKAGE_VERSION=''
PATH_SEPARATOR=':'
SET_MAKE=''
SHELL='/bin/sh'
VERSION='0.0.1'
ac_ct_CC='gcc'
bindir='${exec_prefix}/bin'
build_alias=''
datadir='${datarootdir}'
datarootdir='${prefix}/share'
docdir='${datarootdir}/doc/${PACKAGE}'
dvidir='${docdir}'
exec_prefix='${prefix}'
host_alias=''
htmldir='${docdir}'
includedir='${prefix}/include'
infodir='${datarootdir}/info'
libdir='${exec_prefix}/lib'
libexecdir='${exec_prefix}/libexec'
localedir='${datarootdir}/locale'
localstatedir='${prefix}/var'
mandir='${datarootdir}/man'
oldincludedir='/usr/include'
pdfdir='${docdir}'
prefix='/usr/local'
program_transform_name='s,x,x,'
psdir='${docdir}'
sbindir='${exec_prefix}/sbin'
sharedstatedir='${prefix}/com'
sysconfdir='${prefix}/etc'
target_alias=''

## ----------- ##
## confdefs.h. ##
## ----------- ##

#define PACKAGE_NAME ""
#define PACKAGE_TARNAME ""
#define PACKAGE_VERSION ""
#define PACKAGE_STRING ""
#define PACKAGE_BUGREPORT ""
#define STDC_HEADERS 1

configure: exit 0
